<?xml version="1.0" encoding="utf-8"?><testsuites name="pytest tests"><testsuite name="pytest" errors="0" failures="1" skipped="0" tests="11" time="53.496" timestamp="2026-06-25T06:38:53.170322+00:00" hostname="agent-env-3edd951a-6152-45b4-9bda-1d463c8609e8"><testcase classname="backend.tests.test_student_api.TestLogin" name="test_login_success" time="0.667" /><testcase classname="backend.tests.test_student_api.TestLogin" name="test_login_wrong_password" time="0.398" /><testcase classname="backend.tests.test_student_api.TestLogin" name="test_login_unknown_student" time="0.046" /><testcase classname="backend.tests.test_student_api.TestMe" name="test_me_without_token" time="0.159" /><testcase classname="backend.tests.test_student_api.TestMe" name="test_me_with_token" time="0.572" /><testcase classname="backend.tests.test_student_api.TestMe" name="test_me_invalid_token" time="0.158" /><testcase classname="backend.tests.test_student_api.TestDemoCreds" name="test_demo_creds" time="0.047" /><testcase classname="backend.tests.test_student_api.TestRiskComputation" name="test_s1004_high_risk" time="0.544"><failure message="AssertionError: assert 'medium' == 'high'&#10;  &#10;  - high&#10;  + medium">backend/tests/test_student_api.py:96: in test_s1004_high_risk
    assert r.json()["risk_level"] == "high"
E   AssertionError: assert 'medium' == 'high'
E     
E     - high
E     + medium</failure></testcase><testcase classname="backend.tests.test_student_api.TestRiskComputation" name="test_s1001_low_risk" time="0.688" /><testcase classname="backend.tests.test_student_api.TestAISuggestions" name="test_ai_suggestions" time="49.432" /><testcase classname="backend.tests.test_student_api.TestAISuggestions" name="test_ai_suggestions_unauth" time="0.269" /></testsuite></testsuites>