<?xml version="1.0" encoding="utf-8"?><testsuites name="pytest tests"><testsuite name="pytest" errors="0" failures="1" skipped="0" tests="30" time="34.240" timestamp="2026-07-07T12:49:58.847985+00:00" hostname="agent-env-3edd951a-6152-45b4-9bda-1d463c8609e8"><testcase classname="backend.tests.test_autopilot.TestAuthGuards" name="test_requires_auth[/autopilot/me-get]" time="1.437" /><testcase classname="backend.tests.test_autopilot.TestAuthGuards" name="test_requires_auth[/autopilot/reset-post]" time="0.551" /><testcase classname="backend.tests.test_autopilot.TestAuthGuards" name="test_requires_auth[/autopilot/purchase-post]" time="0.535" /><testcase classname="backend.tests.test_autopilot.TestAuthGuards" name="test_requires_auth[/autopilot/settings-post]" time="0.533" /><testcase classname="backend.tests.test_autopilot.TestAuthGuards" name="test_requires_auth[/autopilot/tick-post]" time="0.461" /><testcase classname="backend.tests.test_autopilot.TestAuthGuards" name="test_requires_auth[/autopilot/ai-insight-post]" time="0.457" /><testcase classname="backend.tests.test_autopilot.TestAutopilotMe" name="test_seeds_wallet" time="0.418" /><testcase classname="backend.tests.test_autopilot.TestAutopilotMe" name="test_idempotent" time="0.686" /><testcase classname="backend.tests.test_autopilot.TestPurchase" name="test_roundup_fractional" time="0.471" /><testcase classname="backend.tests.test_autopilot.TestPurchase" name="test_whole_riyal_no_roundup" time="0.533" /><testcase classname="backend.tests.test_autopilot.TestPurchase" name="test_insufficient_balance" time="0.484"><failure message="assert 422 == 400&#10; +  where 422 = &lt;Response [422]&gt;.status_code">backend/tests/test_autopilot.py:105: in test_insufficient_balance
    assert r.status_code == 400
E   assert 422 == 400
E    +  where 422 = &lt;Response [422]&gt;.status_code</failure></testcase><testcase classname="backend.tests.test_autopilot.TestPurchase" name="test_invalid_amount[0]" time="0.367" /><testcase classname="backend.tests.test_autopilot.TestPurchase" name="test_invalid_amount[-5]" time="0.452" /><testcase classname="backend.tests.test_autopilot.TestPurchase" name="test_invalid_amount[-0.01]" time="0.462" /><testcase classname="backend.tests.test_autopilot.TestSettings" name="test_update_valid" time="0.563" /><testcase classname="backend.tests.test_autopilot.TestSettings" name="test_reject_out_of_range[0.1]" time="0.507" /><testcase classname="backend.tests.test_autopilot.TestSettings" name="test_reject_out_of_range[5.0]" time="0.515" /><testcase classname="backend.tests.test_autopilot.TestSettings" name="test_reject_out_of_range[0.24]" time="0.503" /><testcase classname="backend.tests.test_autopilot.TestSettings" name="test_reject_out_of_range[3.01]" time="0.503" /><testcase classname="backend.tests.test_autopilot.TestTick" name="test_tick_disabled" time="0.565" /><testcase classname="backend.tests.test_autopilot.TestTick" name="test_tick_enabled" time="1.003" /><testcase classname="backend.tests.test_autopilot.TestTick" name="test_tick_insufficient" time="1.208" /><testcase classname="backend.tests.test_autopilot.TestAIInsight" name="test_ai_insight" time="15.001" /><testcase classname="backend.tests.test_autopilot.TestReset" name="test_reset_restores" time="0.714" /><testcase classname="backend.tests.test_autopilot.TestRegression" name="test_student_me" time="0.383" /><testcase classname="backend.tests.test_autopilot.TestRegression" name="test_wallet_me" time="0.375" /><testcase classname="backend.tests.test_autopilot.TestRegression" name="test_dev_catalog" time="0.375" /><testcase classname="backend.tests.test_autopilot.TestRegression" name="test_contact" time="0.400" /><testcase classname="backend.tests.test_autopilot.TestRegression" name="test_advisor_login" time="0.797" /><testcase classname="backend.tests.test_autopilot.TestRegression" name="test_student_login" time="0.988" /></testsuite></testsuites>