<?xml version="1.0" encoding="utf-8"?><testsuites name="pytest tests"><testsuite name="pytest" errors="0" failures="0" skipped="0" tests="31" time="78.692" timestamp="2026-06-25T07:14:17.595120+00:00" hostname="agent-env-3edd951a-6152-45b4-9bda-1d463c8609e8"><testcase classname="backend.tests.test_nabd_full.TestAdvisorLogin" name="test_login_success" time="0.526" /><testcase classname="backend.tests.test_nabd_full.TestAdvisorLogin" name="test_login_wrong_password" time="0.397" /><testcase classname="backend.tests.test_nabd_full.TestAdvisorStudents" name="test_list_students_with_stats" time="0.724" /><testcase classname="backend.tests.test_nabd_full.TestAdvisorStudents" name="test_list_students_unauth" time="0.214" /><testcase classname="backend.tests.test_nabd_full.TestAdvisorStudents" name="test_get_student_detail" time="0.215" /><testcase classname="backend.tests.test_nabd_full.TestRiskRegression" name="test_risk_levels[S1001-low]" time="0.744" /><testcase classname="backend.tests.test_nabd_full.TestRiskRegression" name="test_risk_levels[S1002-medium]" time="0.598" /><testcase classname="backend.tests.test_nabd_full.TestRiskRegression" name="test_risk_levels[S1003-low]" time="0.671" /><testcase classname="backend.tests.test_nabd_full.TestRiskRegression" name="test_risk_levels[S1004-high]" time="0.617" /><testcase classname="backend.tests.test_nabd_full.TestRiskRegression" name="test_risk_levels[S1005-low]" time="0.746" /><testcase classname="backend.tests.test_nabd_full.TestInterventions" name="test_create_intervention" time="0.703" /><testcase classname="backend.tests.test_nabd_full.TestInterventions" name="test_list_interventions_advisor" time="0.257" /><testcase classname="backend.tests.test_nabd_full.TestInterventions" name="test_student_can_see_interventions" time="0.221" /><testcase classname="backend.tests.test_nabd_full.TestInterventions" name="test_patch_status_valid" time="0.219" /><testcase classname="backend.tests.test_nabd_full.TestInterventions" name="test_patch_status_invalid" time="0.172" /><testcase classname="backend.tests.test_nabd_full.TestContact" name="test_get_contact_info" time="0.049" /><testcase classname="backend.tests.test_nabd_full.TestContact" name="test_post_contact_message" time="0.051" /><testcase classname="backend.tests.test_nabd_full.TestChatbot" name="test_chat_history_clear_initial" time="0.355" /><testcase classname="backend.tests.test_nabd_full.TestChatbot" name="test_chat_send_and_persist" time="20.893" /><testcase classname="backend.tests.test_nabd_full.TestChatbot" name="test_chat_history_delete" time="0.323" /><testcase classname="backend.tests.test_student_api.TestLogin" name="test_login_success" time="0.554" /><testcase classname="backend.tests.test_student_api.TestLogin" name="test_login_wrong_password" time="0.440" /><testcase classname="backend.tests.test_student_api.TestLogin" name="test_login_unknown_student" time="0.050" /><testcase classname="backend.tests.test_student_api.TestMe" name="test_me_without_token" time="0.170" /><testcase classname="backend.tests.test_student_api.TestMe" name="test_me_with_token" time="0.567" /><testcase classname="backend.tests.test_student_api.TestMe" name="test_me_invalid_token" time="0.158" /><testcase classname="backend.tests.test_student_api.TestDemoCreds" name="test_demo_creds" time="0.044" /><testcase classname="backend.tests.test_student_api.TestRiskComputation" name="test_s1004_high_risk" time="0.567" /><testcase classname="backend.tests.test_student_api.TestRiskComputation" name="test_s1001_low_risk" time="0.556" /><testcase classname="backend.tests.test_student_api.TestAISuggestions" name="test_ai_suggestions" time="46.292" /><testcase classname="backend.tests.test_student_api.TestAISuggestions" name="test_ai_suggestions_unauth" time="0.346" /></testsuite></testsuites>